<?xml version="1.0" encoding="UTF-8"?>
<testng-results ignored="0" total="1" passed="1" failed="0" skipped="0">
  <reporter-output>
  </reporter-output>
  <suite started-at="2022-10-30T17:53:38Z" name="Suite" finished-at="2022-10-30T17:53:48Z" duration-ms="10371">
    <groups>
    </groups>
    <test started-at="2022-10-30T17:53:38Z" name="Test" finished-at="2022-10-30T17:53:48Z" duration-ms="10371">
      <class name="example.NewTest">
        <test-method is-config="true" signature="beforeTest()[pri:0, instance:example.NewTest@1b955cac]" started-at="2022-10-30T17:53:38Z" name="beforeTest" finished-at="2022-10-30T17:53:40Z" duration-ms="2291" status="PASS">
          <reporter-output>
          </reporter-output>
        </test-method> <!-- beforeTest -->
        <test-method signature="testEasy()[pri:0, instance:example.NewTest@1b955cac]" started-at="2022-10-30T17:53:40Z" name="testEasy" finished-at="2022-10-30T17:53:47Z" duration-ms="7147" status="PASS">
          <reporter-output>
          </reporter-output>
        </test-method> <!-- testEasy -->
        <test-method is-config="true" signature="afterTest()[pri:0, instance:example.NewTest@1b955cac]" started-at="2022-10-30T17:53:47Z" name="afterTest" finished-at="2022-10-30T17:53:48Z" duration-ms="889" status="PASS">
          <reporter-output>
          </reporter-output>
        </test-method> <!-- afterTest -->
      </class> <!-- example.NewTest -->
    </test> <!-- Test -->
  </suite> <!-- Suite -->
</testng-results>
