<?xml version="1.0" encoding="UTF-8"?>
<testng-results ignored="0" total="1" passed="1" failed="0" skipped="0">
  <reporter-output>
  </reporter-output>
  <suite started-at="2021-01-09T10:09:43Z" name="Suite" finished-at="2021-01-09T10:10:54Z" duration-ms="70403">
    <groups>
    </groups>
    <test started-at="2021-01-09T10:09:43Z" name="Test" finished-at="2021-01-09T10:10:54Z" duration-ms="70403">
      <class name="example.NewTest">
        <test-method is-config="true" signature="beforeTest()[pri:0, instance:example.NewTest@790da477]" started-at="2021-01-09T10:09:43Z" name="beforeTest" finished-at="2021-01-09T10:10:30Z" duration-ms="47310" status="PASS">
          <reporter-output>
          </reporter-output>
        </test-method> <!-- beforeTest -->
        <test-method signature="testEasy()[pri:0, instance:example.NewTest@790da477]" started-at="2021-01-09T10:10:30Z" name="testEasy" finished-at="2021-01-09T10:10:51Z" duration-ms="20429" status="PASS">
          <reporter-output>
          </reporter-output>
        </test-method> <!-- testEasy -->
        <test-method is-config="true" signature="afterTest()[pri:0, instance:example.NewTest@790da477]" started-at="2021-01-09T10:10:51Z" name="afterTest" finished-at="2021-01-09T10:10:54Z" duration-ms="2634" status="PASS">
          <reporter-output>
          </reporter-output>
        </test-method> <!-- afterTest -->
      </class> <!-- example.NewTest -->
    </test> <!-- Test -->
  </suite> <!-- Suite -->
</testng-results>
